Determining if the pthread_create exist failed with the following output:
Change Dir: /home/ros/lidar_ws/build/CMakeFiles/CMakeTmp

Run Build Command:"/usr/bin/make" "cmTC_d3e40/fast"
/usr/bin/make -f CMakeFiles/cmTC_d3e40.dir/build.make CMakeFiles/cmTC_d3e40.dir/build
make[1]: Entering directory '/home/ros/lidar_ws/build/CMakeFiles/CMakeTmp'
Building C object CMakeFiles/cmTC_d3e40.dir/CheckSymbolExists.c.o
/usr/bin/cc     -o CMakeFiles/cmTC_d3e40.dir/CheckSymbolExists.c.o   -c /home/ros/lidar_ws/build/CMakeFiles/CMakeTmp/CheckSymbolExists.c
Linking C executable cmTC_d3e40
/usr/bin/cmake -E cmake_link_script CMakeFiles/cmTC_d3e40.dir/link.txt --verbose=1
/usr/bin/cc       CMakeFiles/cmTC_d3e40.dir/CheckSymbolExists.c.o  -o cmTC_d3e40 -rdynamic 
CMakeFiles/cmTC_d3e40.dir/CheckSymbolExists.c.o: In function `main':
CheckSymbolExists.c:(.text+0x16): undefined reference to `pthread_create'
collect2: error: ld returned 1 exit status
CMakeFiles/cmTC_d3e40.dir/build.make:97: recipe for target 'cmTC_d3e40' failed
make[1]: *** [cmTC_d3e40] Error 1
make[1]: Leaving directory '/home/ros/lidar_ws/build/CMakeFiles/CMakeTmp'
Makefile:126: recipe for target 'cmTC_d3e40/fast' failed
make: *** [cmTC_d3e40/fast] Error 2

File /home/ros/lidar_ws/build/CMakeFiles/CMakeTmp/CheckSymbolExists.c:
/* */
#include <pthread.h>

int main(int argc, char** argv)
{
  (void)argv;
#ifndef pthread_create
  return ((int*)(&pthread_create))[argc];
#else
  (void)argc;
  return 0;
#endif
}

Determining if the function pthread_create exists in the pthreads failed with the following output:
Change Dir: /home/ros/lidar_ws/build/CMakeFiles/CMakeTmp

Run Build Command:"/usr/bin/make" "cmTC_4e69f/fast"
/usr/bin/make -f CMakeFiles/cmTC_4e69f.dir/build.make CMakeFiles/cmTC_4e69f.dir/build
make[1]: Entering directory '/home/ros/lidar_ws/build/CMakeFiles/CMakeTmp'
Building C object CMakeFiles/cmTC_4e69f.dir/CheckFunctionExists.c.o
/usr/bin/cc    -DCHECK_FUNCTION_EXISTS=pthread_create   -o CMakeFiles/cmTC_4e69f.dir/CheckFunctionExists.c.o   -c /usr/share/cmake-3.5/Modules/CheckFunctionExists.c
Linking C executable cmTC_4e69f
/usr/bin/cmake -E cmake_link_script CMakeFiles/cmTC_4e69f.dir/link.txt --verbose=1
/usr/bin/cc   -DCHECK_FUNCTION_EXISTS=pthread_create    CMakeFiles/cmTC_4e69f.dir/CheckFunctionExists.c.o  -o cmTC_4e69f -rdynamic -lpthreads 
/usr/bin/ld: cannot find -lpthreads
collect2: error: ld returned 1 exit status
CMakeFiles/cmTC_4e69f.dir/build.make:97: recipe for target 'cmTC_4e69f' failed
make[1]: *** [cmTC_4e69f] Error 1
make[1]: Leaving directory '/home/ros/lidar_ws/build/CMakeFiles/CMakeTmp'
Makefile:126: recipe for target 'cmTC_4e69f/fast' failed
make: *** [cmTC_4e69f/fast] Error 2


Determining if the Q_WS_WIN exist failed with the following output:
Change Dir: /home/ros/lidar_ws/build/CMakeFiles/CMakeTmp

Run Build Command:"/usr/bin/make" "cmTC_e91d2/fast"
/usr/bin/make -f CMakeFiles/cmTC_e91d2.dir/build.make CMakeFiles/cmTC_e91d2.dir/build
make[1]: Entering directory '/home/ros/lidar_ws/build/CMakeFiles/CMakeTmp'
Building CXX object CMakeFiles/cmTC_e91d2.dir/CheckSymbolExists.cxx.o
/usr/bin/c++    -I/usr/include/qt4   -o CMakeFiles/cmTC_e91d2.dir/CheckSymbolExists.cxx.o -c /home/ros/lidar_ws/build/CMakeFiles/CMakeTmp/CheckSymbolExists.cxx
/home/ros/lidar_ws/build/CMakeFiles/CMakeTmp/CheckSymbolExists.cxx: In function ‘int main(int, char**)’:
/home/ros/lidar_ws/build/CMakeFiles/CMakeTmp/CheckSymbolExists.cxx:8:19: error: ‘Q_WS_WIN’ was not declared in this scope
   return ((int*)(&Q_WS_WIN))[argc];
                   ^
CMakeFiles/cmTC_e91d2.dir/build.make:65: recipe for target 'CMakeFiles/cmTC_e91d2.dir/CheckSymbolExists.cxx.o' failed
make[1]: *** [CMakeFiles/cmTC_e91d2.dir/CheckSymbolExists.cxx.o] Error 1
make[1]: Leaving directory '/home/ros/lidar_ws/build/CMakeFiles/CMakeTmp'
Makefile:126: recipe for target 'cmTC_e91d2/fast' failed
make: *** [cmTC_e91d2/fast] Error 2

File /home/ros/lidar_ws/build/CMakeFiles/CMakeTmp/CheckSymbolExists.cxx:
/* */
#include <QtCore/qglobal.h>

int main(int argc, char** argv)
{
  (void)argv;
#ifndef Q_WS_WIN
  return ((int*)(&Q_WS_WIN))[argc];
#else
  (void)argc;
  return 0;
#endif
}

Determining if the Q_WS_QWS exist failed with the following output:
Change Dir: /home/ros/lidar_ws/build/CMakeFiles/CMakeTmp

Run Build Command:"/usr/bin/make" "cmTC_9a566/fast"
/usr/bin/make -f CMakeFiles/cmTC_9a566.dir/build.make CMakeFiles/cmTC_9a566.dir/build
make[1]: Entering directory '/home/ros/lidar_ws/build/CMakeFiles/CMakeTmp'
Building CXX object CMakeFiles/cmTC_9a566.dir/CheckSymbolExists.cxx.o
/usr/bin/c++    -I/usr/include/qt4   -o CMakeFiles/cmTC_9a566.dir/CheckSymbolExists.cxx.o -c /home/ros/lidar_ws/build/CMakeFiles/CMakeTmp/CheckSymbolExists.cxx
/home/ros/lidar_ws/build/CMakeFiles/CMakeTmp/CheckSymbolExists.cxx: In function ‘int main(int, char**)’:
/home/ros/lidar_ws/build/CMakeFiles/CMakeTmp/CheckSymbolExists.cxx:8:19: error: ‘Q_WS_QWS’ was not declared in this scope
   return ((int*)(&Q_WS_QWS))[argc];
                   ^
CMakeFiles/cmTC_9a566.dir/build.make:65: recipe for target 'CMakeFiles/cmTC_9a566.dir/CheckSymbolExists.cxx.o' failed
make[1]: *** [CMakeFiles/cmTC_9a566.dir/CheckSymbolExists.cxx.o] Error 1
make[1]: Leaving directory '/home/ros/lidar_ws/build/CMakeFiles/CMakeTmp'
Makefile:126: recipe for target 'cmTC_9a566/fast' failed
make: *** [cmTC_9a566/fast] Error 2

File /home/ros/lidar_ws/build/CMakeFiles/CMakeTmp/CheckSymbolExists.cxx:
/* */
#include <QtCore/qglobal.h>

int main(int argc, char** argv)
{
  (void)argv;
#ifndef Q_WS_QWS
  return ((int*)(&Q_WS_QWS))[argc];
#else
  (void)argc;
  return 0;
#endif
}

Determining if the Q_WS_MAC exist failed with the following output:
Change Dir: /home/ros/lidar_ws/build/CMakeFiles/CMakeTmp

Run Build Command:"/usr/bin/make" "cmTC_b46b3/fast"
/usr/bin/make -f CMakeFiles/cmTC_b46b3.dir/build.make CMakeFiles/cmTC_b46b3.dir/build
make[1]: Entering directory '/home/ros/lidar_ws/build/CMakeFiles/CMakeTmp'
Building CXX object CMakeFiles/cmTC_b46b3.dir/CheckSymbolExists.cxx.o
/usr/bin/c++    -I/usr/include/qt4   -o CMakeFiles/cmTC_b46b3.dir/CheckSymbolExists.cxx.o -c /home/ros/lidar_ws/build/CMakeFiles/CMakeTmp/CheckSymbolExists.cxx
/home/ros/lidar_ws/build/CMakeFiles/CMakeTmp/CheckSymbolExists.cxx: In function ‘int main(int, char**)’:
/home/ros/lidar_ws/build/CMakeFiles/CMakeTmp/CheckSymbolExists.cxx:8:19: error: ‘Q_WS_MAC’ was not declared in this scope
   return ((int*)(&Q_WS_MAC))[argc];
                   ^
CMakeFiles/cmTC_b46b3.dir/build.make:65: recipe for target 'CMakeFiles/cmTC_b46b3.dir/CheckSymbolExists.cxx.o' failed
make[1]: *** [CMakeFiles/cmTC_b46b3.dir/CheckSymbolExists.cxx.o] Error 1
make[1]: Leaving directory '/home/ros/lidar_ws/build/CMakeFiles/CMakeTmp'
Makefile:126: recipe for target 'cmTC_b46b3/fast' failed
make: *** [cmTC_b46b3/fast] Error 2

File /home/ros/lidar_ws/build/CMakeFiles/CMakeTmp/CheckSymbolExists.cxx:
/* */
#include <QtCore/qglobal.h>

int main(int argc, char** argv)
{
  (void)argv;
#ifndef Q_WS_MAC
  return ((int*)(&Q_WS_MAC))[argc];
#else
  (void)argc;
  return 0;
#endif
}

Determining if the include file pgm.h exists failed with the following output:
Change Dir: /home/ros/lidar_ws/build/CMakeFiles/CMakeTmp

Run Build Command:"/usr/bin/make" "cmTC_97b9c/fast"
/usr/bin/make -f CMakeFiles/cmTC_97b9c.dir/build.make CMakeFiles/cmTC_97b9c.dir/build
make[1]: Entering directory '/home/ros/lidar_ws/build/CMakeFiles/CMakeTmp'
Building CXX object CMakeFiles/cmTC_97b9c.dir/CheckIncludeFile.cxx.o
/usr/bin/c++      -o CMakeFiles/cmTC_97b9c.dir/CheckIncludeFile.cxx.o -c /home/ros/lidar_ws/build/CMakeFiles/CMakeTmp/CheckIncludeFile.cxx
/home/ros/lidar_ws/build/CMakeFiles/CMakeTmp/CheckIncludeFile.cxx:1:17: fatal error: pgm.h: No such file or directory
compilation terminated.
CMakeFiles/cmTC_97b9c.dir/build.make:65: recipe for target 'CMakeFiles/cmTC_97b9c.dir/CheckIncludeFile.cxx.o' failed
make[1]: *** [CMakeFiles/cmTC_97b9c.dir/CheckIncludeFile.cxx.o] Error 1
make[1]: Leaving directory '/home/ros/lidar_ws/build/CMakeFiles/CMakeTmp'
Makefile:126: recipe for target 'cmTC_97b9c/fast' failed
make: *** [cmTC_97b9c/fast] Error 2


